<?xml version="1.0" encoding="UTF-8"?>
<!-- Generated by org.testng.reporters.JUnitXMLReporter -->
<testsuite hostname="VSI-LAP-45" name="Test" tests="1" failures="0" timestamp="18 Feb 2017 05:32:23 GMT" time="312.405" errors="0">
  <testcase name="@AfterMethod afterMethod" time="0.0" classname="keyword.RunScripts">
    <failure type="com.microsoft.tfs.core.ws.runtime.exceptions.TransportException" message="Connection reset">
      <![CDATA[com.microsoft.tfs.core.ws.runtime.exceptions.TransportException: Connection reset
	at com.microsoft.tfs.core.ws.runtime.client.SOAPService.executeSOAPRequestInternal(SOAPService.java:744)
	at com.microsoft.tfs.core.ws.runtime.client.SOAPService.executeSOAPRequest(SOAPService.java:473)
	at ms.tfs.workitemtracking.clientservices._03._ClientService5Soap12Service.update(_ClientService5Soap12Service.java:909)
	at com.microsoft.tfs.core.clients.workitem.internal.update.BaseUpdatePackage.update(BaseUpdatePackage.java:88)
	at com.microsoft.tfs.core.clients.workitem.internal.WorkItemImpl.internalSave(WorkItemImpl.java:673)
	at com.microsoft.tfs.core.clients.workitem.internal.WorkItemImpl.save(WorkItemImpl.java:388)
	at tFS.Defectcreation.createBugsinTFS(Defectcreation.java:88)
	at wrappers.iTF.afterMethod(iTF.java:75)
Caused by: java.net.SocketException: Connection reset
	at java.net.SocketInputStream.read(Unknown Source)
	at java.net.SocketInputStream.read(Unknown Source)
	at java.io.BufferedInputStream.fill(Unknown Source)
	at java.io.BufferedInputStream.read(Unknown Source)
	at com.microsoft.tfs.core.httpclient.ContentLengthInputStream.read(ContentLengthInputStream.java:178)
	at java.io.FilterInputStream.read(Unknown Source)
	at com.microsoft.tfs.core.httpclient.AutoCloseInputStream.read(AutoCloseInputStream.java:97)
	at java.util.zip.CheckedInputStream.read(Unknown Source)
	at java.util.zip.GZIPInputStream.readUByte(Unknown Source)
	at java.util.zip.GZIPInputStream.readUShort(Unknown Source)
	at java.util.zip.GZIPInputStream.readHeader(Unknown Source)
	at java.util.zip.GZIPInputStream.<init>(Unknown Source)
	at java.util.zip.GZIPInputStream.<init>(Unknown Source)
	at com.microsoft.tfs.core.ws.runtime.client.SOAPService.getResponseStream(SOAPService.java:797)
	at com.microsoft.tfs.core.ws.runtime.client.SOAPService.executeSOAPRequestInternal(SOAPService.java:621)
	... 34 more
... Removed 27 stack frames]]>
    </failure>
  </testcase> <!-- @AfterMethod afterMethod -->
  <testcase name="@AfterTest afterTest" time="0.0" classname="keyword.RunScripts">
    <skipped/>
  </testcase> <!-- @AfterTest afterTest -->
  <testcase name="runScripts" time="62.664" classname="keyword.RunScripts"/>
</testsuite> <!-- Test -->
